\BOOKMARK [0][]{chapter.1}{Introducci\363n}{}
\BOOKMARK [1][]{section.1.1}{Gram\341tica de Atributos}{chapter.1}
\BOOKMARK [1][]{section.1.2}{M\351todos de Evaluaci\363n}{chapter.1}
\BOOKMARK [1][]{section.1.3}{An other section}{chapter.1}
\BOOKMARK [0][]{chapter.2}{Clasificaci\363n de AG}{}
\BOOKMARK [1][]{section.2.1}{Clasificaci\363n basada en la estrategia de evaluci\363n}{chapter.2}
\BOOKMARK [1][]{section.2.2}{Clasificaci\363n basada en dependecias}{chapter.2}
\BOOKMARK [1][]{section.2.3}{Clasificaci\363n de Knuth}{chapter.2}
\BOOKMARK [2][]{subsection.2.3.1}{\301rbol sint\341ctico atribu\355do}{section.2.3}
\BOOKMARK [0][]{chapter.3}{Introducci\363n}{}
\BOOKMARK [1][]{section.3.1}{Clasificaci\363n de Wuu Yang}{chapter.3}
\BOOKMARK [2][]{subsection.3.1.1}{Gramaticas no circulates\(NC\)}{section.3.1}
\BOOKMARK [2][]{subsection.3.1.2}{ANCAG}{section.3.1}
\BOOKMARK [0][]{chapter.4}{Introducci\363n}{}
\BOOKMARK [1][]{section.4.1}{Evaluci\363n din\341mica}{chapter.4}
\BOOKMARK [1][]{section.4.2}{Evaluaci\363n est\341tica}{chapter.4}
\BOOKMARK [2][]{subsection.4.2.1}{Evaluacion de la familia ANCAG}{section.4.2}
\BOOKMARK [2][]{subsection.4.2.2}{Secuencia de visita}{section.4.2}
\BOOKMARK [2][]{subsection.4.2.3}{Generaci\363n de evaluadores para GA bien definidas}{section.4.2}
\BOOKMARK [1][]{section.4.3}{Evaluaci\363n durante el parsing}{chapter.4}
\BOOKMARK [0][]{chapter.5}{Evaluacion estatica de MAG }{}
\BOOKMARK [1][]{section.5.1}{Algoritmos para grafos: DP, DOWN, DCG y ADP}{chapter.5}
\BOOKMARK [1][]{section.5.2}{Algoritmo de computo de planes}{chapter.5}
\BOOKMARK [1][]{section.5.3}{Algoritmo de computo de secuencia de visita}{chapter.5}
\BOOKMARK [0][]{chapter.6}{Disen\365 de MagGen}{}
\BOOKMARK [1][]{section.6.1}{Lenguaje de especificaci\363n de las MAG}{chapter.6}
\BOOKMARK [1][]{section.6.2}{Estrucutas internas}{chapter.6}
\BOOKMARK [1][]{section.6.3}{Disen\365 del evaluador est\341tico generado}{chapter.6}
\BOOKMARK [0][]{chapter.7}{Introducci\363n}{}
\BOOKMARK [1][]{section.7.1}{GNU/linux}{chapter.7}
\BOOKMARK [1][]{section.7.2}{Herramientas utilizadas}{chapter.7}
\BOOKMARK [2][]{subsection.7.2.1}{Eclipse}{section.7.2}
\BOOKMARK [2][]{subsection.7.2.2}{Boost}{section.7.2}
\BOOKMARK [2][]{subsection.7.2.3}{Doxygen}{section.7.2}
\BOOKMARK [2][]{subsection.7.2.4}{Eclipse}{section.7.2}
\BOOKMARK [2][]{subsection.7.2.5}{Graphviz}{section.7.2}
\BOOKMARK [2][]{subsection.7.2.6}{Dia}{section.7.2}
\BOOKMARK [2][]{subsection.7.2.7}{Latex}{section.7.2}
\BOOKMARK [2][]{subsection.7.2.8}{g++, make, gdb, Nemiver}{section.7.2}
\BOOKMARK [2][]{subsection.7.2.9}{Cloc, CCCC, Gcov}{section.7.2}
\BOOKMARK [1][]{section.7.3}{Algoritmo de generaci\363n de secuencia de visita}{chapter.7}
\BOOKMARK [1][]{section.7.4}{Algoritmo de generaci\363n de c\363digo}{chapter.7}
\BOOKMARK [0][]{chapter.8}{Conclusi\363n}{}
\BOOKMARK [1][]{section.8.1}{Conclusi\363n}{chapter.8}
\BOOKMARK [1][]{section.8.2}{Trabajos futuros}{chapter.8}
\BOOKMARK [0][]{appendix.A}{Appendix Example}{}
\BOOKMARK [1][]{section.A.1}{Appendix Example section}{appendix.A}
\BOOKMARK [0][]{section*.4}{Bibliograf\355a}{}
